<?xml version="1.0" encoding="UTF-8"?>
<testng-results ignored="0" total="1" passed="1" failed="0" skipped="0">
  <reporter-output>
  </reporter-output>
  <suite started-at="2022-05-11T16:09:33 EDT" name="Default suite" finished-at="2022-05-11T16:09:33 EDT" duration-ms="378">
    <groups>
    </groups>
    <test started-at="2022-05-11T16:09:33 EDT" name="Default test" finished-at="2022-05-11T16:09:33 EDT" duration-ms="378">
      <class name="com.RH.mysqldb.Top5countries">
        <test-method signature="dbconnectionTop()[pri:0, instance:com.RH.mysqldb.Top5countries@1649b0e6]" started-at="2022-05-11T16:09:33 EDT" name="dbconnectionTop" finished-at="2022-05-11T16:09:33 EDT" duration-ms="356" status="PASS">
          <reporter-output>
          </reporter-output>
        </test-method> <!-- dbconnectionTop -->
      </class> <!-- com.RH.mysqldb.Top5countries -->
    </test> <!-- Default test -->
  </suite> <!-- Default suite -->
</testng-results>
